<?xml version="1.0" encoding="UTF-8"?>
<!-- Generated by org.testng.reporters.JUnitXMLReporter -->
<testsuite ignored="0" hostname="DESKTOP-TSOOSHF" failures="0" tests="5" name="Surefire test" time="0.053" errors="0" timestamp="2023-11-07T22:48:03 IST">
  <testcase classname="com.sam.devops.UserValidationTest" name="testCase1" time="0.015"/>
  <testcase classname="com.sam.devops.UserValidationTest" name="testCase2" time="0.0"/>
  <testcase classname="com.sam.devops.UserValidationTest" name="testCase3" time="0.0"/>
  <testcase classname="com.sam.devops.UserValidationTest" name="testCase4" time="0.0"/>
  <testcase classname="com.sam.devops.UserValidationTest" name="testCase5" time="0.0"/>
</testsuite> <!-- Surefire test -->
